H:\GITHUB\ZBUFFER\TANDYZBUFFER\DEBUG\TANDYZBUFFER.PCH
H:\GITHUB\ZBUFFER\TANDYZBUFFER\DEBUG\STDAFX.OBJ
H:\GITHUB\ZBUFFER\TANDYZBUFFER\DEBUG\VC110.PDB
H:\GITHUB\ZBUFFER\TANDYZBUFFER\DEBUG\ACTIVELIST.OBJ
H:\GITHUB\ZBUFFER\TANDYZBUFFER\DEBUG\BUCKET.OBJ
H:\GITHUB\ZBUFFER\TANDYZBUFFER\DEBUG\DIALOGCONE.OBJ
H:\GITHUB\ZBUFFER\TANDYZBUFFER\DEBUG\ENGINEMAIN.OBJ
H:\GITHUB\ZBUFFER\TANDYZBUFFER\DEBUG\MAINFRM.OBJ
H:\GITHUB\ZBUFFER\TANDYZBUFFER\DEBUG\MESH.OBJ
H:\GITHUB\ZBUFFER\TANDYZBUFFER\DEBUG\OBJ.OBJ
H:\GITHUB\ZBUFFER\TANDYZBUFFER\DEBUG\OPENGL.OBJ
H:\GITHUB\ZBUFFER\TANDYZBUFFER\DEBUG\SCANLINEZBUFFER.OBJ
H:\GITHUB\ZBUFFER\TANDYZBUFFER\DEBUG\TANDYZBUFFER.OBJ
H:\GITHUB\ZBUFFER\TANDYZBUFFER\DEBUG\TANDYZBUFFERDOC.OBJ
H:\GITHUB\ZBUFFER\TANDYZBUFFER\DEBUG\TANDYZBUFFERVIEW.OBJ
H:\GITHUB\ZBUFFER\DEBUG\TANDYZBUFFER.ILK
H:\GITHUB\ZBUFFER\DEBUG\TANDYZBUFFER.EXE
H:\GITHUB\ZBUFFER\DEBUG\TANDYZBUFFER.PDB
H:\GITHUB\ZBUFFER\TANDYZBUFFER\DEBUG\TANDYZBUFFER.RES
H:\github\Zbuffer\TandyZbuffer\Debug\ActiveList.obj
H:\github\Zbuffer\TandyZbuffer\Debug\Bucket.obj
H:\github\Zbuffer\TandyZbuffer\Debug\DialogCone.obj
H:\github\Zbuffer\TandyZbuffer\Debug\EngineMain.obj
H:\github\Zbuffer\TandyZbuffer\Debug\MainFrm.obj
H:\github\Zbuffer\TandyZbuffer\Debug\Mesh.obj
H:\github\Zbuffer\TandyZbuffer\Debug\Obj.obj
H:\github\Zbuffer\TandyZbuffer\Debug\OpenGL.obj
H:\github\Zbuffer\TandyZbuffer\Debug\ScanLineZbuffer.obj
H:\github\Zbuffer\TandyZbuffer\Debug\stdafx.obj
H:\github\Zbuffer\TandyZbuffer\Debug\TandyZbuffer.obj
H:\github\Zbuffer\TandyZbuffer\Debug\TandyZbufferDoc.obj
H:\github\Zbuffer\TandyZbuffer\Debug\TandyZbufferView.obj
H:\github\Zbuffer\TandyZbuffer\Debug\cl.command.1.tlog
H:\github\Zbuffer\TandyZbuffer\Debug\CL.read.1.tlog
H:\github\Zbuffer\TandyZbuffer\Debug\CL.write.1.tlog
H:\github\Zbuffer\TandyZbuffer\Debug\link-cvtres.read.1.tlog
H:\github\Zbuffer\TandyZbuffer\Debug\link-cvtres.write.1.tlog
H:\github\Zbuffer\TandyZbuffer\Debug\link-mt.read.1.tlog
H:\github\Zbuffer\TandyZbuffer\Debug\link-mt.write.1.tlog
H:\github\Zbuffer\TandyZbuffer\Debug\link-rc.read.1.tlog
H:\github\Zbuffer\TandyZbuffer\Debug\link-rc.write.1.tlog
H:\github\Zbuffer\TandyZbuffer\Debug\link.command.1.tlog
H:\github\Zbuffer\TandyZbuffer\Debug\link.read.1.tlog
H:\github\Zbuffer\TandyZbuffer\Debug\link.write.1.tlog
H:\github\Zbuffer\TandyZbuffer\Debug\rc.command.1.tlog
H:\github\Zbuffer\TandyZbuffer\Debug\rc.read.1.tlog
H:\github\Zbuffer\TandyZbuffer\Debug\rc.write.1.tlog
H:\github\Zbuffer\TandyZbuffer\Debug\TandyZbuffer.res
H:\github\Zbuffer\TandyZbuffer\Debug\TandyZbuffer.pch
H:\github\Zbuffer\TandyZbuffer\Debug\vc110.idb
H:\github\Zbuffer\TandyZbuffer\Debug\vc110.pdb
H:\github\Zbuffer\Debug\TandyZbuffer.pdb
H:\github\Zbuffer\Debug\TandyZbuffer.exe
H:\github\Zbuffer\Debug\TandyZbuffer.ilk
