C:\USERS\ADMINISTRATOR\DESKTOP\TANDYZBUFFER\TANDYZBUFFER\RELEASE\TANDYZBUFFER.PCH
C:\USERS\ADMINISTRATOR\DESKTOP\TANDYZBUFFER\TANDYZBUFFER\RELEASE\STDAFX.OBJ
C:\USERS\ADMINISTRATOR\DESKTOP\TANDYZBUFFER\TANDYZBUFFER\RELEASE\VC110.PDB
C:\USERS\ADMINISTRATOR\DESKTOP\TANDYZBUFFER\TANDYZBUFFER\RELEASE\TANDYZBUFFERVIEW.OBJ
C:\USERS\ADMINISTRATOR\DESKTOP\TANDYZBUFFER\TANDYZBUFFER\RELEASE\TANDYZBUFFERDOC.OBJ
C:\USERS\ADMINISTRATOR\DESKTOP\TANDYZBUFFER\TANDYZBUFFER\RELEASE\TANDYZBUFFER.OBJ
C:\USERS\ADMINISTRATOR\DESKTOP\TANDYZBUFFER\TANDYZBUFFER\RELEASE\SCANLINEZBUFFER.OBJ
C:\USERS\ADMINISTRATOR\DESKTOP\TANDYZBUFFER\TANDYZBUFFER\RELEASE\OPENGL.OBJ
C:\USERS\ADMINISTRATOR\DESKTOP\TANDYZBUFFER\TANDYZBUFFER\RELEASE\OBJ.OBJ
C:\USERS\ADMINISTRATOR\DESKTOP\TANDYZBUFFER\TANDYZBUFFER\RELEASE\MESH.OBJ
C:\USERS\ADMINISTRATOR\DESKTOP\TANDYZBUFFER\TANDYZBUFFER\RELEASE\MAINFRM.OBJ
C:\USERS\ADMINISTRATOR\DESKTOP\TANDYZBUFFER\TANDYZBUFFER\RELEASE\ENGINEMAIN.OBJ
C:\USERS\ADMINISTRATOR\DESKTOP\TANDYZBUFFER\TANDYZBUFFER\RELEASE\DIALOGCONE.OBJ
C:\USERS\ADMINISTRATOR\DESKTOP\TANDYZBUFFER\TANDYZBUFFER\RELEASE\BUCKET.OBJ
C:\USERS\ADMINISTRATOR\DESKTOP\TANDYZBUFFER\TANDYZBUFFER\RELEASE\ACTIVELIST.OBJ
C:\USERS\ADMINISTRATOR\DESKTOP\TANDYZBUFFER\RELEASE\TANDYZBUFFER.EXE
C:\USERS\ADMINISTRATOR\DESKTOP\TANDYZBUFFER\RELEASE\TANDYZBUFFER.PDB
C:\USERS\ADMINISTRATOR\DESKTOP\TANDYZBUFFER\TANDYZBUFFER\RELEASE\TANDYZBUFFER.RES
C:\Users\Administrator\Desktop\TandyZbuffer\TandyZbuffer\Release\ActiveList.obj
C:\Users\Administrator\Desktop\TandyZbuffer\TandyZbuffer\Release\Bucket.obj
C:\Users\Administrator\Desktop\TandyZbuffer\TandyZbuffer\Release\DialogCone.obj
C:\Users\Administrator\Desktop\TandyZbuffer\TandyZbuffer\Release\EngineMain.obj
C:\Users\Administrator\Desktop\TandyZbuffer\TandyZbuffer\Release\MainFrm.obj
C:\Users\Administrator\Desktop\TandyZbuffer\TandyZbuffer\Release\Mesh.obj
C:\Users\Administrator\Desktop\TandyZbuffer\TandyZbuffer\Release\Obj.obj
C:\Users\Administrator\Desktop\TandyZbuffer\TandyZbuffer\Release\OpenGL.obj
C:\Users\Administrator\Desktop\TandyZbuffer\TandyZbuffer\Release\ScanLineZbuffer.obj
C:\Users\Administrator\Desktop\TandyZbuffer\TandyZbuffer\Release\stdafx.obj
C:\Users\Administrator\Desktop\TandyZbuffer\TandyZbuffer\Release\TandyZbuffer.obj
C:\Users\Administrator\Desktop\TandyZbuffer\TandyZbuffer\Release\TandyZbufferDoc.obj
C:\Users\Administrator\Desktop\TandyZbuffer\TandyZbuffer\Release\TandyZbufferView.obj
C:\Users\Administrator\Desktop\TandyZbuffer\TandyZbuffer\Release\cl.command.1.tlog
C:\Users\Administrator\Desktop\TandyZbuffer\TandyZbuffer\Release\CL.read.1.tlog
C:\Users\Administrator\Desktop\TandyZbuffer\TandyZbuffer\Release\CL.write.1.tlog
C:\Users\Administrator\Desktop\TandyZbuffer\TandyZbuffer\Release\link-cvtres.read.1.tlog
C:\Users\Administrator\Desktop\TandyZbuffer\TandyZbuffer\Release\link-cvtres.write.1.tlog
C:\Users\Administrator\Desktop\TandyZbuffer\TandyZbuffer\Release\link-mt.read.1.tlog
C:\Users\Administrator\Desktop\TandyZbuffer\TandyZbuffer\Release\link-mt.write.1.tlog
C:\Users\Administrator\Desktop\TandyZbuffer\TandyZbuffer\Release\link-rc.read.1.tlog
C:\Users\Administrator\Desktop\TandyZbuffer\TandyZbuffer\Release\link-rc.write.1.tlog
C:\Users\Administrator\Desktop\TandyZbuffer\TandyZbuffer\Release\link.command.1.tlog
C:\Users\Administrator\Desktop\TandyZbuffer\TandyZbuffer\Release\link.read.1.tlog
C:\Users\Administrator\Desktop\TandyZbuffer\TandyZbuffer\Release\link.write.1.tlog
C:\Users\Administrator\Desktop\TandyZbuffer\TandyZbuffer\Release\rc.command.1.tlog
C:\Users\Administrator\Desktop\TandyZbuffer\TandyZbuffer\Release\rc.read.1.tlog
C:\Users\Administrator\Desktop\TandyZbuffer\TandyZbuffer\Release\rc.write.1.tlog
C:\Users\Administrator\Desktop\TandyZbuffer\TandyZbuffer\Release\TandyZbuffer.res
C:\Users\Administrator\Desktop\TandyZbuffer\TandyZbuffer\Release\TandyZbuffer.pch
C:\Users\Administrator\Desktop\TandyZbuffer\TandyZbuffer\Release\vc110.pdb
C:\Users\Administrator\Desktop\TandyZbuffer\Release\TandyZbuffer.pdb
C:\Users\Administrator\Desktop\TandyZbuffer\Release\TandyZbuffer.exe
